<?xml version="1.0" encoding="UTF-8"?>
<!-- Generated by org.testng.reporters.JUnitReportReporter -->
<testsuite hostname="VishalKumar-Ja" name="com.practise.automation.vjframework.HomePagex" tests="2" failures="0" timestamp="4 Aug 2020 18:12:41 GMT" time="61.567" errors="0">
  <testcase name="basePageNavigation" time="29.144" classname="com.practise.automation.vjframework.HomePagex"/>
  <testcase name="basePageNavigation" time="32.423" classname="com.practise.automation.vjframework.HomePagex"/>
</testsuite> <!-- com.practise.automation.vjframework.HomePagex -->
