<?xml version="1.0" encoding="UTF-8"?>
<!-- Generated by org.testng.reporters.JUnitReportReporter -->
<testsuite hostname="VishalKumar-Ja" name="pageObjectx.LandingPagex" tests="1" failures="0" timestamp="4 Aug 2020 16:07:08 GMT" time="24.509" errors="0">
  <testcase name="switchToFramex" time="24.509" classname="pageObjectx.LandingPagex"/>
</testsuite> <!-- pageObjectx.LandingPagex -->
