<?xml version="1.0" encoding="UTF-8"?>
<!-- Generated by org.testng.reporters.JUnitReportReporter -->
<testsuite hostname="VishalKumar-Ja" name="com.practise.automation.vjframework.ValidateTitle" tests="1" failures="0" timestamp="4 Aug 2020 18:40:36 GMT" time="16.756" errors="0">
  <testcase name="getTitleValidation" time="16.756" classname="com.practise.automation.vjframework.ValidateTitle"/>
</testsuite> <!-- com.practise.automation.vjframework.ValidateTitle -->
